C51 COMPILER V9.54   MAIN                                                                  08/08/2024 14:35:43 PAGE 1   


C51 COMPILER V9.54, COMPILATION OF MODULE MAIN
OBJECT MODULE PLACED IN .\Objects\main.obj
COMPILER INVOKED BY: D:\embeddedsystems\mcs51\oldkeil\C51\BIN\C51.EXE main.c OPTIMIZE(8,SPEED) BROWSE DEBUG OBJECTEXTEND
                    - PRINT(.\Listings\main.lst) TABS(2) OBJECT(.\Objects\main.obj)

line level    source

   1          #include <REGX52.H>
   2          
   3          void Delay(unsigned int xms)  //@12.000MHz
   4          {
   5   1        unsigned char data i, j;
   6   1      
   7   1        while(xms--)
   8   1        {
   9   2          i = 2;
  10   2          j = 239;
  11   2          do
  12   2          {
  13   3            while (--j);
  14   3          } while (--i);
  15   2        }
  16   1      }
  17          
  18          
  19          
  20          unsigned char NixieTable[]={0x3F,0x06,0x5B,0x4F,0x66,0x6D,0x7D,0x07,0x7F,0x6F};
  21          
  22          void Nixie(unsigned char Location,Number)
  23          {
  24   1        switch(Location)
  25   1        {
  26   2          case 1:P2_4=1;P2_3=1;P2_2=1; break;
  27   2          case 2:P2_4=1;P2_3=1;P2_2=0; break;
  28   2          case 3:P2_4=1;P2_3=0;P2_2=1; break;
  29   2          case 4:P2_4=1;P2_3=0;P2_2=0; break;
  30   2          case 5:P2_4=0;P2_3=1;P2_2=1; break;
  31   2          case 6:P2_4=0;P2_3=1;P2_2=0; break;
  32   2          case 7:P2_4=0;P2_3=0;P2_2=1; break;
  33   2          case 8:P2_4=0;P2_3=0;P2_2=0; break;
  34   2        }
  35   1        P0=NixieTable[Number];
  36   1        Delay(1);
  37   1        P0=0x00;
  38   1      }
  39          
  40          
  41          
  42          void main()
  43          {
  44   1      //  P2_4=1;
  45   1      //  P2_3=0;
  46   1      //  P2_2=1;//LED
  47   1      //  P0=0x7D;//Number
  48   1        //Nixie(2,3);
  49   1        while(1)
  50   1        {
  51   2          Nixie(1,1);
  52   2          //Delay(20);
  53   2          Nixie(2,2);
  54   2          //Delay(20);
C51 COMPILER V9.54   MAIN                                                                  08/08/2024 14:35:43 PAGE 2   

  55   2          Nixie(3,3);
  56   2          //Delay(20);
  57   2        }
  58   1      }


MODULE INFORMATION:   STATIC OVERLAYABLE
   CODE SIZE        =    159    ----
   CONSTANT SIZE    =   ----    ----
   XDATA SIZE       =   ----    ----
   PDATA SIZE       =   ----    ----
   DATA SIZE        =     10    ----
   IDATA SIZE       =   ----    ----
   BIT SIZE         =   ----    ----
END OF MODULE INFORMATION.


C51 COMPILATION COMPLETE.  0 WARNING(S),  0 ERROR(S)
