C51 COMPILER V9.54   MAIN                                                                  08/08/2024 12:19:51 PAGE 1   


C51 COMPILER V9.54, COMPILATION OF MODULE MAIN
OBJECT MODULE PLACED IN .\Objects\main.obj
COMPILER INVOKED BY: D:\embeddedsystems\mcs51\oldkeil\C51\BIN\C51.EXE main.c OPTIMIZE(8,SPEED) BROWSE DEBUG OBJECTEXTEND
                    - PRINT(.\Listings\main.lst) TABS(2) OBJECT(.\Objects\main.obj)

line level    source

   1          #include <REGX52.H>
   2          #include <INTRINS.H>
   3          
   4          void Delayms(unsigned int xms)  //@12.000MHz
   5          {
   6   1        unsigned char data i, j;
   7   1        while(xms)
   8   1        {
   9   2          i = 2;
  10   2          j = 239;
  11   2          do
  12   2          {
  13   3            while (--j);
  14   3          } while (--i);
  15   2          xms--;
  16   2        }
  17   1        
  18   1      }
  19          
  20          
  21          void main()
  22          {
  23   1        while(1)
  24   1        {
  25   2          P2=0xFE;
  26   2          Delayms(100);
  27   2          P2=0xFD;
  28   2          Delayms(100);
  29   2          P2=0xFB;
  30   2          Delayms(100);
  31   2          P2=0xF7;
  32   2          Delayms(500);
  33   2          P2=0xEF;
  34   2          Delayms(500);
  35   2          P2=0xDF;
  36   2          Delayms(500);
  37   2          P2=0xBF;
  38   2          Delayms(500);
  39   2          P2=0x7F;
  40   2          Delayms(500);
  41   2        }
  42   1      }


MODULE INFORMATION:   STATIC OVERLAYABLE
   CODE SIZE        =     86    ----
   CONSTANT SIZE    =   ----    ----
   XDATA SIZE       =   ----    ----
   PDATA SIZE       =   ----    ----
   DATA SIZE        =   ----    ----
   IDATA SIZE       =   ----    ----
   BIT SIZE         =   ----    ----
END OF MODULE INFORMATION.


C51 COMPILATION COMPLETE.  0 WARNING(S),  0 ERROR(S)
