C51 COMPILER V9.54   MAIN                                                                  08/08/2024 16:47:32 PAGE 1   


C51 COMPILER V9.54, COMPILATION OF MODULE MAIN
OBJECT MODULE PLACED IN .\Objects\main.obj
COMPILER INVOKED BY: D:\embeddedsystems\mcs51\oldkeil\C51\BIN\C51.EXE main.c OPTIMIZE(8,SPEED) BROWSE DEBUG OBJECTEXTEND
                    - PRINT(.\Listings\main.lst) TABS(2) OBJECT(.\Objects\main.obj)

line level    source

   1          #include <REGX52.H>
   2          #include "LCD1602.h"
   3          #include "Delay.h"
   4          #include "MatrixKey.h"
   5          
   6          unsigned char KeyNum;
   7          unsigned int Password,Count;
   8          
   9          void main()
  10          {
  11   1        LCD_Init();
  12   1        //LCD_ShowChar(1,1,'A');
  13   1        LCD_ShowString(1,1,"Password:");
  14   1        while(1)
  15   1        {
  16   2          KeyNum=MatrixKey();
  17   2          if(KeyNum)
  18   2          {
  19   3            if(KeyNum<=10)
  20   3            {
  21   4              if(Count<4)
  22   4              {
  23   5                Password*=10;
  24   5                Password+=KeyNum%10; 
  25   5                Count++;
  26   5              }
  27   4              LCD_ShowNum(2,1,Password,4);
  28   4            }
  29   3            if(KeyNum==11)
  30   3            {
  31   4              if(Password==2345)
  32   4              {
  33   5                LCD_ShowString(1,14,"OK ");
  34   5                Password=0;
  35   5                Count=0;
  36   5                LCD_ShowNum(2,1,Password,4);
  37   5              }
  38   4              else
  39   4              {
  40   5                LCD_ShowString(1,14,"ERR");
  41   5                Password=0;
  42   5                Count=0;
  43   5                LCD_ShowNum(2,1,Password,4);
  44   5              }
  45   4            }
  46   3            if(KeyNum==12)
  47   3            {
  48   4              Password=0;
  49   4              Count=0;
  50   4              LCD_ShowNum(2,1,Password,4);
  51   4            }
  52   3          }
  53   2        }
  54   1      }
C51 COMPILER V9.54   MAIN                                                                  08/08/2024 16:47:32 PAGE 2   



MODULE INFORMATION:   STATIC OVERLAYABLE
   CODE SIZE        =    189    ----
   CONSTANT SIZE    =     18    ----
   XDATA SIZE       =   ----    ----
   PDATA SIZE       =   ----    ----
   DATA SIZE        =      5    ----
   IDATA SIZE       =   ----    ----
   BIT SIZE         =   ----    ----
END OF MODULE INFORMATION.


C51 COMPILATION COMPLETE.  0 WARNING(S),  0 ERROR(S)
