C51 COMPILER V9.54   MAIN                                                                  08/08/2024 13:07:17 PAGE 1   


C51 COMPILER V9.54, COMPILATION OF MODULE MAIN
OBJECT MODULE PLACED IN .\Objects\main.obj
COMPILER INVOKED BY: D:\embeddedsystems\mcs51\oldkeil\C51\BIN\C51.EXE main.c OPTIMIZE(8,SPEED) BROWSE DEBUG OBJECTEXTEND
                    - PRINT(.\Listings\main.lst) TABS(2) OBJECT(.\Objects\main.obj)

line level    source

   1          #include <REGX52.H>
   2          
   3          
   4          void Delay(unsigned int xms)  //@12.000MHz
   5          {
   6   1        unsigned char data i, j;
   7   1        while(xms--)
   8   1        {
   9   2          i = 2;
  10   2          j = 239;
  11   2          do
  12   2          {
  13   3            while (--j);
  14   3          } while (--i);
  15   2          //xms--;
  16   2        }
  17   1      }
  18          
  19          unsigned char LEDNum;
  20          void main()
  21          {
  22   1        P2=~0x01;
  23   1        while(1)
  24   1        {
  25   2          if(P3_1==0)
  26   2          {
  27   3            Delay(20);
  28   3            while(P3_1==0);
  29   3            Delay(20);
  30   3            LEDNum++;
  31   3            if(LEDNum>=8)
  32   3              LEDNum=0;
  33   3            P2=~(0x01<<LEDNum);
  34   3            //P2_0=~P2_0;
  35   3          }
  36   2          if(P3_0==0)
  37   2          {
  38   3            Delay(20);
  39   3            while(P3_0==0);
  40   3            Delay(20);
  41   3            if(LEDNum==0)
  42   3              LEDNum=7;
  43   3            else
  44   3              LEDNum--;
  45   3            P2=~(0x01<<LEDNum);
  46   3          }
  47   2        }
  48   1      }


MODULE INFORMATION:   STATIC OVERLAYABLE
   CODE SIZE        =    109    ----
   CONSTANT SIZE    =   ----    ----
   XDATA SIZE       =   ----    ----
C51 COMPILER V9.54   MAIN                                                                  08/08/2024 13:07:17 PAGE 2   

   PDATA SIZE       =   ----    ----
   DATA SIZE        =      1    ----
   IDATA SIZE       =   ----    ----
   BIT SIZE         =   ----    ----
END OF MODULE INFORMATION.


C51 COMPILATION COMPLETE.  0 WARNING(S),  0 ERROR(S)
